2025-02-26 12:41:09,879 [INFO] Activator:176 - 


2025-02-26 12:41:09,883 [INFO] Activator:177 - !SESSION log4j initialized
2025-02-26 12:41:20,229 [INFO] LogOutputStream:77 - [STDOUT_REDIRECT] 
2025-02-26 12:41:26,559 [ERROR] LogOutputStream:75 - [STDERR_REDIRECT] java.net.URISyntaxException: Illegal character in path at index 20: file:/home/sumit/git foldernew/rtos/Sumit_Subodh/Pranay_Kshitij/VehicleAutomationUsingCAN/.metadata/.log4j2.xml
2025-02-26 12:41:26,560 [ERROR] LogOutputStream:75 - [STDERR_REDIRECT] 	at java.base/java.net.URI$Parser.fail(URI.java:2976)
2025-02-26 12:41:26,560 [ERROR] LogOutputStream:75 - [STDERR_REDIRECT] 	at java.base/java.net.URI$Parser.checkChars(URI.java:3147)
2025-02-26 12:41:26,560 [ERROR] LogOutputStream:75 - [STDERR_REDIRECT] 	at java.base/java.net.URI$Parser.parseHierarchical(URI.java:3229)
2025-02-26 12:41:26,560 [ERROR] LogOutputStream:75 - [STDERR_REDIRECT] 	at java.base/java.net.URI$Parser.parse(URI.java:3177)
2025-02-26 12:41:26,560 [ERROR] LogOutputStream:75 - [STDERR_REDIRECT] 	at java.base/java.net.URI.<init>(URI.java:623)
2025-02-26 12:41:26,561 [ERROR] LogOutputStream:75 - [STDERR_REDIRECT] 	at java.base/java.net.URL.toURI(URL.java:1056)
2025-02-26 12:41:26,561 [ERROR] LogOutputStream:75 - [STDERR_REDIRECT] 	at com.st.stm32cube.common.mx.core.CubeMxInstance.getInstance(CubeMxInstance.java:81)
2025-02-26 12:41:26,561 [ERROR] LogOutputStream:75 - [STDERR_REDIRECT] 	at com.st.stm32cube.common.mx.userauth.UserAuthAdapter.<init>(UserAuthAdapter.java:25)
2025-02-26 12:41:26,561 [ERROR] LogOutputStream:75 - [STDERR_REDIRECT] 	at com.st.stm32cube.common.mx.userauth.UserAuthProvider.getUserAuthAdapter(UserAuthProvider.java:16)
2025-02-26 12:41:26,562 [ERROR] LogOutputStream:75 - [STDERR_REDIRECT] 	at com.st.stm32cube.common.ecosystemintegration.ui.core.MCUEcoSystemIntegrationUiHelper.getUserAuth(MCUEcoSystemIntegrationUiHelper.java:100)
2025-02-26 12:41:26,562 [ERROR] LogOutputStream:75 - [STDERR_REDIRECT] 	at com.st.stm32cube.ide.mcu.userauth.UserAuthStartup.earlyStartup(UserAuthStartup.java:41)
2025-02-26 12:41:26,562 [ERROR] LogOutputStream:75 - [STDERR_REDIRECT] 	at org.eclipse.ui.internal.EarlyStartupRunnable.runEarlyStartup(EarlyStartupRunnable.java:79)
2025-02-26 12:41:26,562 [ERROR] LogOutputStream:75 - [STDERR_REDIRECT] 	at org.eclipse.ui.internal.EarlyStartupRunnable.run(EarlyStartupRunnable.java:55)
2025-02-26 12:41:26,562 [ERROR] LogOutputStream:75 - [STDERR_REDIRECT] 	at org.eclipse.core.runtime.SafeRunner.run(SafeRunner.java:47)
2025-02-26 12:41:26,563 [ERROR] LogOutputStream:75 - [STDERR_REDIRECT] 	at org.eclipse.ui.internal.Workbench$39.run(Workbench.java:2762)
2025-02-26 12:41:26,563 [ERROR] LogOutputStream:75 - [STDERR_REDIRECT] 	at org.eclipse.core.internal.jobs.Worker.run(Worker.java:63)
2025-02-26 12:41:28,726 [ERROR] LogOutputStream:75 - [STDERR_REDIRECT] Feb 26, 2025 12:41:28 PM java.util.prefs.FileSystemPreferences$2 run
2025-02-26 12:41:28,726 [ERROR] LogOutputStream:75 - [STDERR_REDIRECT] WARNING: Could not create system preferences directory. System preferences are unusable.
2025-02-26 12:41:28,726 [ERROR] LogOutputStream:75 - [STDERR_REDIRECT] 
2025-02-26 12:41:31,375 [INFO] LogOutputStream:77 - [STDOUT_REDIRECT] 1 : Invalid condition id : UX_CORESTACK_Condition cause : null
2025-02-26 12:41:31,376 [INFO] LogOutputStream:77 - [STDOUT_REDIRECT] 1 : Invalid condition id : UX_CORESTACK_Condition cause : null
2025-02-26 12:41:31,376 [INFO] LogOutputStream:77 - [STDOUT_REDIRECT] 1 : Invalid condition id : UX_CORESTACK_Condition cause : null
2025-02-26 12:41:31,376 [INFO] LogOutputStream:77 - [STDOUT_REDIRECT] 1 : Invalid condition id : UX_CORESTACK_Condition cause : null
2025-02-26 12:41:31,376 [INFO] LogOutputStream:77 - [STDOUT_REDIRECT] 1 : Invalid condition id : UX_CORESTACK_Condition cause : null
2025-02-26 12:41:38,598 [ERROR] LogOutputStream:75 - [STDERR_REDIRECT] 
2025-02-26 12:41:45,116 [INFO] Activator:176 - 


2025-02-26 12:41:45,118 [INFO] Activator:177 - !SESSION log4j initialized
2025-02-26 12:41:52,537 [INFO] LogOutputStream:77 - [STDOUT_REDIRECT] 
2025-02-26 12:41:59,526 [INFO] ApplicationProperties:184 - Using Application install path: /opt/st/stm32cubeide_1.16.0/plugins/com.st.stm32cube.common.mx_6.12.0.202406281431
2025-02-26 12:41:59,536 [INFO] DbMcusXml:78 - Set database path to: /opt/st/stm32cubeide_1.16.0/plugins/com.st.stm32cube.common.mx_6.12.0.202406281431//db//mcu/
2025-02-26 12:41:59,537 [INFO] ApiDb:274 - Set plugin database path to: /opt/st/stm32cubeide_1.16.0/plugins/com.st.stm32cube.common.mx_6.12.0.202406281431//db//plugins/boardmanager/
2025-02-26 12:41:59,537 [WARN] ApiDb:259 - Overriding images path with different value:  => /opt/st/stm32cubeide_1.16.0/plugins/com.st.stm32cube.common.mx_6.12.0.202406281431//db//plugins/mcufinder/images/
2025-02-26 12:41:59,539 [INFO] ApiDb:250 - Set database path to: /home/sumit/.stmcufinder/plugins/mcufinder//mcu/
2025-02-26 12:41:59,540 [INFO] DbMcusAds:125 - Set database path to: /home/sumit/.stmcufinder/plugins/mcufinder//mcu/
2025-02-26 12:42:00,014 [INFO] CrossReferenceDbSqlite:203 - Set database path to: /home/sumit/.stmcufinder/plugins/mcufinder//mcu/cs/
2025-02-26 12:42:00,133 [INFO] RulesReader:64 - Compatibility file has been processed (297 Rules)
2025-02-26 12:42:00,179 [INFO] DbMcusXml:78 - Set database path to: /opt/st/stm32cubeide_1.16.0/plugins/com.st.stm32cube.common.mx_6.12.0.202406281431//db//mcu/
2025-02-26 12:42:00,180 [INFO] ApiDb:274 - Set plugin database path to: /opt/st/stm32cubeide_1.16.0/plugins/com.st.stm32cube.common.mx_6.12.0.202406281431//db//plugins/boardmanager/
2025-02-26 12:42:00,180 [INFO] ApiDb:261 - Set plugin images path to: /opt/st/stm32cubeide_1.16.0/plugins/com.st.stm32cube.common.mx_6.12.0.202406281431//db//plugins/mcufinder/images/
2025-02-26 12:42:00,180 [WARN] DbFile:41 - Overriding database path with different value: /home/sumit/.stmcufinder/plugins/mcufinder/ => /home/sumit/.stmcufinder/plugins/mcufinder
2025-02-26 12:42:00,180 [INFO] ApiDb:250 - Set database path to: /home/sumit/.stmcufinder/plugins/mcufinder//mcu/
2025-02-26 12:42:00,180 [WARN] DbFile:41 - Overriding database path with different value: /home/sumit/.stmcufinder/plugins/mcufinder/ => /home/sumit/.stmcufinder/plugins/mcufinder
2025-02-26 12:42:00,180 [INFO] DbMcusAds:125 - Set database path to: /home/sumit/.stmcufinder/plugins/mcufinder//mcu/
2025-02-26 12:42:00,180 [WARN] DbFile:41 - Overriding database path with different value: /home/sumit/.stmcufinder/plugins/mcufinder/ => /home/sumit/.stmcufinder/plugins/mcufinder
2025-02-26 12:42:00,180 [WARN] DbFile:41 - Overriding database path with different value: /home/sumit/.stmcufinder/plugins/mcufinder/ => /home/sumit/.stmcufinder/plugins/mcufinder
2025-02-26 12:42:00,646 [INFO] CrossReferenceDbSqlite:203 - Set database path to: /home/sumit/.stmcufinder/plugins/mcufinder//mcu/cs/
2025-02-26 12:42:00,694 [INFO] MainPanel:268 - HeapMemory: 268435456
2025-02-26 12:42:00,773 [INFO] DbMcusXml:78 - Set database path to: /opt/st/stm32cubeide_1.16.0/plugins/com.st.stm32cube.common.mx_6.12.0.202406281431//db//mcu/
2025-02-26 12:42:00,773 [INFO] ApiDb:274 - Set plugin database path to: /opt/st/stm32cubeide_1.16.0/plugins/com.st.stm32cube.common.mx_6.12.0.202406281431//db//plugins/boardmanager/
2025-02-26 12:42:00,773 [INFO] ApiDb:261 - Set plugin images path to: /opt/st/stm32cubeide_1.16.0/plugins/com.st.stm32cube.common.mx_6.12.0.202406281431//db//plugins/mcufinder/images/
2025-02-26 12:42:00,774 [WARN] DbFile:41 - Overriding database path with different value: /home/sumit/.stmcufinder/plugins/mcufinder/ => /home/sumit/.stmcufinder/plugins/mcufinder
2025-02-26 12:42:00,774 [INFO] ApiDb:250 - Set database path to: /home/sumit/.stmcufinder/plugins/mcufinder//mcu/
2025-02-26 12:42:00,774 [WARN] DbFile:41 - Overriding database path with different value: /home/sumit/.stmcufinder/plugins/mcufinder/ => /home/sumit/.stmcufinder/plugins/mcufinder
2025-02-26 12:42:00,774 [INFO] DbMcusAds:125 - Set database path to: /home/sumit/.stmcufinder/plugins/mcufinder//mcu/
2025-02-26 12:42:00,774 [WARN] DbFile:41 - Overriding database path with different value: /home/sumit/.stmcufinder/plugins/mcufinder/ => /home/sumit/.stmcufinder/plugins/mcufinder
2025-02-26 12:42:00,774 [WARN] DbFile:41 - Overriding database path with different value: /home/sumit/.stmcufinder/plugins/mcufinder/ => /home/sumit/.stmcufinder/plugins/mcufinder
2025-02-26 12:42:01,214 [INFO] CrossReferenceDbSqlite:203 - Set database path to: /home/sumit/.stmcufinder/plugins/mcufinder//mcu/cs/
2025-02-26 12:42:01,227 [INFO] ApplicationProperties:184 - Using Application install path: /opt/st/stm32cubeide_1.16.0/plugins/com.st.stm32cube.common.mx_6.12.0.202406281431
2025-02-26 12:42:01,228 [INFO] PluginManage:196 - Search for loadable plugins [exclusion list=, ]
2025-02-26 12:42:01,229 [INFO] PluginManage:310 - Check plugin analytics
2025-02-26 12:42:01,775 [INFO] AnalyticsPlugin:253 - Accepted Software Licenses: 
2025-02-26 12:42:01,775 [INFO] AnalyticsPlugin:255 - Accepted CMSIS Pack Licenses: 
2025-02-26 12:42:01,775 [INFO] AnalyticsPlugin:257 - Accepted Firmware Licenses: FW.F4.1.28.0
2025-02-26 12:42:01,776 [INFO] PluginManage:359 - Loaded plugin analytics (category:tool,tabindex:-1)
2025-02-26 12:42:01,776 [INFO] PluginManage:310 - Check plugin cadmodel
2025-02-26 12:42:01,779 [INFO] CADModel:105 - Init CAD model plugin
2025-02-26 12:42:01,779 [INFO] PluginManage:359 - Loaded plugin cadmodel (category:power,tabindex:5)
2025-02-26 12:42:01,779 [INFO] PluginManage:310 - Check plugin clock
2025-02-26 12:42:01,785 [INFO] PluginManage:359 - Loaded plugin clock (category:base,tabindex:2)
2025-02-26 12:42:01,785 [INFO] PluginManage:310 - Check plugin ddr
2025-02-26 12:42:01,786 [INFO] PluginManage:359 - Loaded plugin ddr (category:tool,tabindex:6)
2025-02-26 12:42:01,786 [INFO] PluginManage:310 - Check plugin filemanager
2025-02-26 12:42:01,901 [INFO] PluginManage:359 - Loaded plugin filemanager (category:base,tabindex:10)
2025-02-26 12:42:01,901 [INFO] PluginManage:310 - Check plugin ipmanager
2025-02-26 12:42:01,907 [INFO] PluginManage:359 - Loaded plugin ipmanager (category:base,tabindex:5)
2025-02-26 12:42:01,907 [INFO] PluginManage:310 - Check plugin lpbam
2025-02-26 12:42:01,918 [INFO] PluginManage:359 - Loaded plugin lpbam (category:base,tabindex:0)
2025-02-26 12:42:01,918 [INFO] PluginManage:310 - Check plugin memorymap
2025-02-26 12:42:01,928 [INFO] PluginManage:359 - Loaded plugin memorymap (category:base,tabindex:4)
2025-02-26 12:42:01,928 [INFO] PluginManage:310 - Check plugin pinoutandconfiguration
2025-02-26 12:42:01,934 [INFO] PluginManage:359 - Loaded plugin pinoutandconfiguration (category:base,tabindex:1)
2025-02-26 12:42:01,934 [INFO] PluginManage:310 - Check plugin pinoutconfig
2025-02-26 12:42:02,024 [WARN] SupportedApi:132 - Cannot load RTOS API schema: s4s-elt-must-match.1: The content of 'definitions' must match (annotation?, (simpleType | complexType)?, (unique | key | keyref)*)). A problem was found starting at: attribute.
2025-02-26 12:42:02,169 [INFO] PluginManage:359 - Loaded plugin pinoutconfig (category:base,tabindex:0)
2025-02-26 12:42:02,169 [INFO] PluginManage:310 - Check plugin power
2025-02-26 12:42:02,178 [INFO] PluginManage:359 - Loaded plugin power (category:power,tabindex:4)
2025-02-26 12:42:02,178 [INFO] PluginManage:310 - Check plugin projectmanager
2025-02-26 12:42:02,197 [INFO] PluginManage:359 - Loaded plugin projectmanager (category:projectmanager,tabindex:4)
2025-02-26 12:42:02,198 [INFO] PluginManage:310 - Check plugin rif
2025-02-26 12:42:02,204 [INFO] PluginManage:359 - Loaded plugin rif (category:base,tabindex:3)
2025-02-26 12:42:02,204 [INFO] PluginManage:310 - Check plugin thirdparty
2025-02-26 12:42:02,337 [INFO] PluginManage:359 - Loaded plugin thirdparty (category:base,tabindex:-1)
2025-02-26 12:42:02,337 [INFO] PluginManage:310 - Check plugin tools
2025-02-26 12:42:02,337 [WARN] IntegrityCheckThread:84 - waiting for thirdparty lock release [integrity check]
2025-02-26 12:42:02,337 [INFO] IntegrityCheckThread:86 - entering critical section [integrity check]
2025-02-26 12:42:02,338 [INFO] ThirdPartyUpdaterWithRetryManager:70 - Updater plugin not ready yet. [1/15]
2025-02-26 12:42:02,340 [INFO] PluginManage:359 - Loaded plugin tools (category:base,tabindex:7)
2025-02-26 12:42:02,340 [INFO] PluginManage:310 - Check plugin tutovideos
2025-02-26 12:42:02,465 [INFO] PluginManage:359 - Loaded plugin tutovideos (category:base,tabindex:-1)
2025-02-26 12:42:02,465 [INFO] PluginManage:310 - Check plugin updater
2025-02-26 12:42:02,479 [INFO] PluginManage:359 - Loaded plugin updater (category:base,tabindex:12)
2025-02-26 12:42:02,479 [INFO] PluginManage:310 - Check plugin userauth
2025-02-26 12:42:02,483 [INFO] UserAuth:113 - Init User Auth plugin
2025-02-26 12:42:02,483 [INFO] PluginManage:359 - Loaded plugin userauth (category:base,tabindex:14)
2025-02-26 12:42:02,483 [INFO] PluginManage:283 - PluginManage : Loaded plugins [18]
2025-02-26 12:42:02,610 [INFO] PinOutPanel:1561 - setPackage(No Configuration,No Configuration)
2025-02-26 12:42:02,669 [INFO] CADModel:165 - CPN selected for project level
2025-02-26 12:42:02,670 [INFO] CADModel:114 - Register for checkConnection events
2025-02-26 12:42:02,679 [INFO] IPUIPlugin:80 - create IPUIPlugin
2025-02-26 12:42:02,679 [INFO] PluginManager:220 - loadIPPluginJar : add i2c
2025-02-26 12:42:02,683 [INFO] IPUIPlugin:80 - create IPUIPlugin
2025-02-26 12:42:02,684 [INFO] PluginManager:220 - loadIPPluginJar : add freertos
2025-02-26 12:42:02,690 [INFO] IPUIPlugin:80 - create IPUIPlugin
2025-02-26 12:42:02,690 [INFO] PluginManager:220 - loadIPPluginJar : add stm32_wpan
2025-02-26 12:42:02,691 [INFO] IPUIPlugin:80 - create IPUIPlugin
2025-02-26 12:42:02,692 [INFO] PluginManager:220 - loadIPPluginJar : add comp
2025-02-26 12:42:02,696 [INFO] IPUIPlugin:80 - create IPUIPlugin
2025-02-26 12:42:02,697 [INFO] PluginManager:220 - loadIPPluginJar : add gic
2025-02-26 12:42:02,698 [INFO] IPUIPlugin:80 - create IPUIPlugin
2025-02-26 12:42:02,698 [INFO] PluginManager:220 - loadIPPluginJar : add i3c
2025-02-26 12:42:02,700 [INFO] IPUIPlugin:80 - create IPUIPlugin
2025-02-26 12:42:02,700 [INFO] PluginManager:220 - loadIPPluginJar : add hash
2025-02-26 12:42:02,703 [INFO] IPUIPlugin:80 - create IPUIPlugin
2025-02-26 12:42:02,703 [INFO] PluginManager:220 - loadIPPluginJar : add nvic
2025-02-26 12:42:02,704 [INFO] IPUIPlugin:80 - create IPUIPlugin
2025-02-26 12:42:02,704 [INFO] PluginManager:220 - loadIPPluginJar : add ddr_ctrl_phy
2025-02-26 12:42:02,705 [INFO] IPUIPlugin:80 - create IPUIPlugin
2025-02-26 12:42:02,706 [INFO] PluginManager:220 - loadIPPluginJar : add genericplugin
2025-02-26 12:42:02,707 [INFO] IPUIPlugin:80 - create IPUIPlugin
2025-02-26 12:42:02,707 [INFO] PluginManager:220 - loadIPPluginJar : add spi
2025-02-26 12:42:02,710 [INFO] IPUIPlugin:80 - create IPUIPlugin
2025-02-26 12:42:02,711 [INFO] PluginManager:220 - loadIPPluginJar : add fmc
2025-02-26 12:42:02,712 [INFO] IPUIPlugin:80 - create IPUIPlugin
2025-02-26 12:42:02,712 [INFO] PluginManager:220 - loadIPPluginJar : add tim
2025-02-26 12:42:02,713 [INFO] IPUIPlugin:80 - create IPUIPlugin
2025-02-26 12:42:02,714 [INFO] PluginManager:220 - loadIPPluginJar : add lorawan
2025-02-26 12:42:02,716 [INFO] IPUIPlugin:80 - create IPUIPlugin
2025-02-26 12:42:02,716 [INFO] PluginManager:220 - loadIPPluginJar : add usbx
2025-02-26 12:42:02,718 [INFO] IPUIPlugin:80 - create IPUIPlugin
2025-02-26 12:42:02,718 [INFO] PluginManager:220 - loadIPPluginJar : add aes
2025-02-26 12:42:02,719 [INFO] IPUIPlugin:80 - create IPUIPlugin
2025-02-26 12:42:02,719 [INFO] PluginManager:220 - loadIPPluginJar : add dma3
2025-02-26 12:42:02,721 [INFO] IPUIPlugin:80 - create IPUIPlugin
2025-02-26 12:42:02,721 [INFO] PluginManager:220 - loadIPPluginJar : add dfsdm
2025-02-26 12:42:02,722 [INFO] IPUIPlugin:80 - create IPUIPlugin
2025-02-26 12:42:02,722 [INFO] PluginManager:220 - loadIPPluginJar : add gfxmmu
2025-02-26 12:42:02,723 [INFO] IPUIPlugin:80 - create IPUIPlugin
2025-02-26 12:42:02,723 [INFO] PluginManager:220 - loadIPPluginJar : add tsc
2025-02-26 12:42:02,724 [INFO] IPUIPlugin:80 - create IPUIPlugin
2025-02-26 12:42:02,724 [INFO] PluginManager:220 - loadIPPluginJar : add openamp
2025-02-26 12:42:02,726 [INFO] IPUIPlugin:80 - create IPUIPlugin
2025-02-26 12:42:02,726 [INFO] PluginManager:220 - loadIPPluginJar : add can
2025-02-26 12:42:02,731 [INFO] IPUIPlugin:80 - create IPUIPlugin
2025-02-26 12:42:02,731 [INFO] PluginManager:220 - loadIPPluginJar : add linkedlist
2025-02-26 12:42:02,734 [INFO] IPUIPlugin:80 - create IPUIPlugin
2025-02-26 12:42:02,734 [INFO] PluginManager:220 - loadIPPluginJar : add gpio
2025-02-26 12:42:02,736 [INFO] IPUIPlugin:80 - create IPUIPlugin
2025-02-26 12:42:02,736 [INFO] PluginManager:220 - loadIPPluginJar : add extmemmanager
2025-02-26 12:42:02,739 [INFO] IPUIPlugin:80 - create IPUIPlugin
2025-02-26 12:42:02,739 [INFO] PluginManager:220 - loadIPPluginJar : add mdma
2025-02-26 12:42:02,741 [INFO] IPUIPlugin:80 - create IPUIPlugin
2025-02-26 12:42:02,741 [INFO] PluginManager:220 - loadIPPluginJar : add cryp
2025-02-26 12:42:02,743 [INFO] IPUIPlugin:80 - create IPUIPlugin
2025-02-26 12:42:02,743 [INFO] PluginManager:220 - loadIPPluginJar : add resmgrutility
2025-02-26 12:42:02,743 [INFO] IPUIPlugin:80 - create IPUIPlugin
2025-02-26 12:42:02,744 [INFO] PluginManager:220 - loadIPPluginJar : add fatfs
2025-02-26 12:42:02,747 [INFO] IPUIPlugin:80 - create IPUIPlugin
2025-02-26 12:42:02,750 [INFO] PluginManager:220 - loadIPPluginJar : add plateformsettings
2025-02-26 12:42:02,752 [INFO] IPUIPlugin:80 - create IPUIPlugin
2025-02-26 12:42:02,752 [INFO] PluginManager:220 - loadIPPluginJar : add usart
2025-02-26 12:42:02,754 [INFO] IPUIPlugin:80 - create IPUIPlugin
2025-02-26 12:42:02,754 [INFO] PluginManager:220 - loadIPPluginJar : add pdm2pcm
2025-02-26 12:42:02,756 [INFO] IPUIPlugin:80 - create IPUIPlugin
2025-02-26 12:42:02,756 [INFO] PluginManager:220 - loadIPPluginJar : add sai
2025-02-26 12:42:02,757 [INFO] IPUIPlugin:80 - create IPUIPlugin
2025-02-26 12:42:02,757 [INFO] PluginManager:220 - loadIPPluginJar : add tracer_emb
2025-02-26 12:42:02,758 [INFO] IPUIPlugin:80 - create IPUIPlugin
2025-02-26 12:42:02,758 [INFO] PluginManager:220 - loadIPPluginJar : add ucpd
2025-02-26 12:42:02,759 [INFO] IPUIPlugin:80 - create IPUIPlugin
2025-02-26 12:42:02,759 [INFO] PluginManager:220 - loadIPPluginJar : add quadspi
2025-02-26 12:42:02,761 [INFO] IPUIPlugin:80 - create IPUIPlugin
2025-02-26 12:42:02,761 [INFO] PluginManager:220 - loadIPPluginJar : add ipddr
2025-02-26 12:42:02,762 [INFO] IPUIPlugin:80 - create IPUIPlugin
2025-02-26 12:42:02,762 [INFO] PluginManager:220 - loadIPPluginJar : add gtzc
2025-02-26 12:42:02,763 [INFO] IPUIPlugin:80 - create IPUIPlugin
2025-02-26 12:42:02,764 [INFO] PluginManager:220 - loadIPPluginJar : add i2s
2025-02-26 12:42:02,764 [INFO] IPUIPlugin:80 - create IPUIPlugin
2025-02-26 12:42:02,764 [INFO] PluginManager:220 - loadIPPluginJar : add ts
2025-02-26 12:42:02,768 [INFO] IPUIPlugin:80 - create IPUIPlugin
2025-02-26 12:42:02,768 [INFO] PluginManager:220 - loadIPPluginJar : add adc
2025-02-26 12:42:02,770 [INFO] IPUIPlugin:80 - create IPUIPlugin
2025-02-26 12:42:02,770 [INFO] PluginManager:220 - loadIPPluginJar : add opamp
2025-02-26 12:42:02,771 [INFO] IPUIPlugin:80 - create IPUIPlugin
2025-02-26 12:42:02,771 [INFO] PluginManager:220 - loadIPPluginJar : add radio
2025-02-26 12:42:02,771 [INFO] IPUIPlugin:80 - create IPUIPlugin
2025-02-26 12:42:02,771 [INFO] PluginManager:220 - loadIPPluginJar : add ltdc
2025-02-26 12:42:02,775 [INFO] IPUIPlugin:80 - create IPUIPlugin
2025-02-26 12:42:02,775 [INFO] PluginManager:220 - loadIPPluginJar : add dma
2025-02-26 12:42:02,777 [INFO] IPUIPlugin:80 - create IPUIPlugin
2025-02-26 12:42:02,777 [INFO] PluginManager:220 - loadIPPluginJar : add touchsensing
2025-02-26 12:42:02,868 [INFO] CADModel:165 - CPN selected for project level
2025-02-26 12:42:02,868 [INFO] CADModel:114 - Register for checkConnection events
2025-02-26 12:42:02,868 [FATAL] Updater:334 - Updater called before beeing initialized
2025-02-26 12:42:02,868 [ERROR] CADModel:125 - Updater not yet initialized, retry later 
2025-02-26 12:42:02,945 [INFO] CADModel:165 - CPN selected for project level
2025-02-26 12:42:02,945 [INFO] CADModel:114 - Register for checkConnection events
2025-02-26 12:42:02,945 [FATAL] Updater:334 - Updater called before beeing initialized
2025-02-26 12:42:02,946 [ERROR] CADModel:125 - Updater not yet initialized, retry later 
2025-02-26 12:42:02,948 [FATAL] Updater:334 - Updater called before beeing initialized
2025-02-26 12:42:03,010 [FATAL] Updater:334 - Updater called before beeing initialized
2025-02-26 12:42:03,014 [INFO] DbMcusAds:53 - JSON generation date=Tue Dec 17 21:31:15 IST 2024 (1734451275111)
2025-02-26 12:42:03,014 [FATAL] Updater:334 - Updater called before beeing initialized
2025-02-26 12:42:03,040 [WARN] DetailPanel:346 - Failed to get advertising image, set to default
2025-02-26 12:42:03,109 [FATAL] Updater:334 - Updater called before beeing initialized
2025-02-26 12:42:03,110 [FATAL] Updater:334 - Updater called before beeing initialized
2025-02-26 12:42:03,110 [FATAL] Updater:334 - Updater called before beeing initialized
2025-02-26 12:42:03,110 [WARN] DetailPanel:346 - Failed to get advertising image, set to default
2025-02-26 12:42:03,111 [FATAL] Updater:334 - Updater called before beeing initialized
2025-02-26 12:42:03,133 [ERROR] Updater:1164 - MainUpdater not yet initialized. External WinMGr cannot be set.
2025-02-26 12:42:03,134 [INFO] Updater:1100 - Updater Version found : 6.12.0
2025-02-26 12:42:03,148 [INFO] ApplicationProperties:184 - Using Application install path: /opt/st/stm32cubeide_1.16.0/plugins/com.st.stm32cube.common.mx_6.12.0.202406281431
2025-02-26 12:42:03,161 [ERROR] LogOutputStream:75 - [STDERR_REDIRECT] Feb 26, 2025 12:42:03 PM java.util.prefs.FileSystemPreferences$2 run
2025-02-26 12:42:03,161 [ERROR] LogOutputStream:75 - [STDERR_REDIRECT] WARNING: Could not create system preferences directory. System preferences are unusable.
2025-02-26 12:42:03,161 [ERROR] LogOutputStream:75 - [STDERR_REDIRECT] 
2025-02-26 12:42:03,351 [INFO] MainUpdater:2873 - connection check result : 10
2025-02-26 12:42:03,352 [INFO] MainUpdater:290 - Updater Check For Update Now.
2025-02-26 12:42:03,352 [INFO] MicroXplorer:498 - Change Database Version : DB.6.0.120
2025-02-26 12:42:03,355 [INFO] McuFinderGlobals:63 - Set McuFinder mode to 2 (CubeIDE integrated)
2025-02-26 12:42:03,355 [INFO] UserAuth:179 - activating auth plugin
2025-02-26 12:42:03,358 [INFO] UserAuth:417 - Internet connection configuration mode: 1
2025-02-26 12:42:03,368 [INFO] JxBrowserEngine:152 - Initiate JxBrowser Engine with user profile folder
2025-02-26 12:42:03,526 [INFO] CheckServerUpdateThread:120 - End of CheckServer Thread
2025-02-26 12:42:03,810 [INFO] WebApp:167 - Instantiating new browser for Auth
2025-02-26 12:42:04,227 [INFO] WebApp:448 - Apply proxy settings
2025-02-26 12:42:04,227 [INFO] WebApp:533 - Chromium requires no authentication
2025-02-26 12:42:04,231 [INFO] WebApp:476 - Direct internet connection detected
2025-02-26 12:42:04,241 [INFO] WebApp:869 - Register for checkConnection events
2025-02-26 12:42:04,241 [INFO] WebApp:448 - Apply proxy settings
2025-02-26 12:42:04,241 [INFO] WebApp:533 - Chromium requires no authentication
2025-02-26 12:42:04,242 [INFO] WebApp:476 - Direct internet connection detected
2025-02-26 12:42:04,316 [INFO] WebApp:220 - Starting web application
2025-02-26 12:42:04,316 [INFO] WebApp:578 - Web application path used /opt/st/stm32cubeide_1.16.0/plugins/com.st.stm32cube.common.mx_6.12.0.202406281431/db/plugins/mcufinder/reactClient1/index.html
2025-02-26 12:42:04,817 [INFO] WebApp:186 - Connection restablished
2025-02-26 12:42:05,410 [WARN] PackLoader:240 - Cannot read IP mode file for STMicroelectronics.FP-SNS-MOTENVWB1.1.4.0
2025-02-26 12:42:05,416 [WARN] PackLoader:240 - Cannot read IP mode file for STMicroelectronics.FP-ATR-ASTRA1.2.0.2
2025-02-26 12:42:05,419 [WARN] PackLoader:240 - Cannot read IP mode file for STMicroelectronics.FP-ATR-ASTRA1.2.0.1
2025-02-26 12:42:05,443 [WARN] PackLoader:240 - Cannot read IP mode file for STMicroelectronics.X-CUBE-SMBUS.2.1.0
2025-02-26 12:42:05,467 [WARN] PackLoader:240 - Cannot read IP mode file for STMicroelectronics.X-CUBE-WB05N.1.1.0
2025-02-26 12:42:05,496 [WARN] PackLoader:240 - Cannot read IP mode file for STMicroelectronics.X-CUBE-AZRTOS-F7.1.1.0
2025-02-26 12:42:05,549 [WARN] PackLoader:240 - Cannot read IP mode file for STMicroelectronics.X-CUBE-MEMS1.11.0.0
2025-02-26 12:42:05,706 [WARN] PackLoader:240 - Cannot read IP mode file for STMicroelectronics.FP-SNS-FLIGHT1.5.0.2
2025-02-26 12:42:05,710 [WARN] PackLoader:240 - Cannot read IP mode file for STMicroelectronics.X-CUBE-DISPLAY.3.0.0
2025-02-26 12:42:05,715 [WARN] PackLoader:240 - Cannot read IP mode file for STMicroelectronics.X-CUBE-BLE1.7.0.0
2025-02-26 12:42:05,719 [WARN] PackLoader:240 - Cannot read IP mode file for STMicroelectronics.X-CUBE-NFC10.1.0.0
2025-02-26 12:42:05,726 [WARN] PackLoader:240 - Cannot read IP mode file for STMicroelectronics.X-CUBE-BLEMGR.4.0.0
2025-02-26 12:42:05,733 [WARN] PackLoader:240 - Cannot read IP mode file for STMicroelectronics.X-CUBE-BLEMGR.3.1.0
2025-02-26 12:42:05,736 [WARN] PackLoader:240 - Cannot read IP mode file for STMicroelectronics.X-CUBE-AI.10.0.0
2025-02-26 12:42:05,738 [WARN] PackLoader:240 - Cannot read IP mode file for STMicroelectronics.FP-SNS-SMARTAG2.1.2.0
2025-02-26 12:42:05,764 [WARN] PackLoader:240 - Cannot read IP mode file for STMicroelectronics.X-CUBE-MEMS1.11.1.0
2025-02-26 12:42:05,866 [INFO] LogOutputStream:77 - [STDOUT_REDIRECT] 1 : Invalid condition id : UX_CORESTACK_Condition cause : null
2025-02-26 12:42:05,866 [INFO] LogOutputStream:77 - [STDOUT_REDIRECT] 1 : Invalid condition id : UX_CORESTACK_Condition cause : null
2025-02-26 12:42:05,867 [INFO] LogOutputStream:77 - [STDOUT_REDIRECT] 1 : Invalid condition id : UX_CORESTACK_Condition cause : null
2025-02-26 12:42:05,867 [INFO] LogOutputStream:77 - [STDOUT_REDIRECT] 1 : Invalid condition id : UX_CORESTACK_Condition cause : null
2025-02-26 12:42:05,867 [INFO] LogOutputStream:77 - [STDOUT_REDIRECT] 1 : Invalid condition id : UX_CORESTACK_Condition cause : null
2025-02-26 12:42:05,868 [WARN] PackLoader:240 - Cannot read IP mode file for STMicroelectronics.X-CUBE-AZRTOS-WL.2.0.0
2025-02-26 12:42:05,872 [WARN] PackLoader:240 - Cannot read IP mode file for STMicroelectronics.FP-SNS-MOTENV1.5.0.0
2025-02-26 12:42:05,875 [WARN] PackLoader:240 - Cannot read IP mode file for wolfSSL.I-CUBE-wolfMQTT.1.19.0
2025-02-26 12:42:05,880 [WARN] PackLoader:240 - Cannot read IP mode file for WES.I-CUBE-Cesium.1.3.0
2025-02-26 12:42:05,883 [WARN] PackLoader:240 - Cannot read IP mode file for STMicroelectronics.X-CUBE-BLE2.3.3.0
2025-02-26 12:42:05,886 [WARN] PackLoader:240 - Cannot read IP mode file for STMicroelectronics.X-CUBE-NFC9.1.0.0
2025-02-26 12:42:05,890 [WARN] PackLoader:240 - Cannot read IP mode file for STMicroelectronics.X-CUBE-TCPP.4.1.0
2025-02-26 12:42:05,898 [WARN] PackLoader:240 - Cannot read IP mode file for STMicroelectronics.X-CUBE-AZRTOS-G0.1.1.0
2025-02-26 12:42:05,903 [WARN] PackLoader:240 - Cannot read IP mode file for STMicroelectronics.X-CUBE-SAFEA1.1.2.2
2025-02-26 12:42:05,906 [WARN] PackLoader:240 - Cannot read IP mode file for STMicroelectronics.X-CUBE-NFC4.3.0.0
2025-02-26 12:42:05,911 [WARN] PackLoader:240 - Cannot read IP mode file for EmbeddedOffice.I-CUBE-FS-RTOS.1.0.1
2025-02-26 12:42:05,912 [ERROR] ConditionMgr:805 - Attr not supported : Dmpu
2025-02-26 12:42:05,912 [ERROR] ConditionMgr:805 - Attr not supported : Dmpu
2025-02-26 12:42:05,912 [ERROR] ConditionMgr:805 - Attr not supported : Dmpu
2025-02-26 12:42:05,912 [ERROR] ConditionMgr:805 - Attr not supported : Dmpu
2025-02-26 12:42:05,912 [ERROR] ConditionMgr:805 - Attr not supported : Dmpu
2025-02-26 12:42:05,912 [ERROR] ConditionMgr:805 - Attr not supported : Dmpu
2025-02-26 12:42:05,912 [ERROR] ConditionMgr:805 - Attr not supported : Dmpu
2025-02-26 12:42:05,912 [ERROR] ConditionMgr:805 - Attr not supported : Dmpu
2025-02-26 12:42:05,912 [ERROR] ConditionMgr:805 - Attr not supported : Dmpu
2025-02-26 12:42:05,912 [ERROR] ConditionMgr:805 - Attr not supported : Dmpu
2025-02-26 12:42:05,912 [ERROR] ConditionMgr:805 - Attr not supported : Dmpu
2025-02-26 12:42:05,912 [ERROR] ConditionMgr:805 - Attr not supported : Dmpu
2025-02-26 12:42:05,912 [ERROR] ConditionMgr:805 - Attr not supported : Dmpu
2025-02-26 12:42:05,912 [ERROR] ConditionMgr:805 - Attr not supported : Dmpu
2025-02-26 12:42:05,912 [ERROR] ConditionMgr:805 - Attr not supported : Dmpu
2025-02-26 12:42:05,912 [ERROR] ConditionMgr:805 - Attr not supported : Dmpu
2025-02-26 12:42:05,913 [ERROR] ConditionMgr:805 - Attr not supported : Dmpu
2025-02-26 12:42:05,913 [ERROR] ConditionMgr:805 - Attr not supported : Dmpu
2025-02-26 12:42:05,913 [ERROR] ConditionMgr:805 - Attr not supported : Dmpu
2025-02-26 12:42:05,913 [ERROR] ConditionMgr:805 - Attr not supported : Dmpu
2025-02-26 12:42:05,913 [ERROR] ConditionMgr:805 - Attr not supported : Dmpu
2025-02-26 12:42:05,913 [ERROR] ConditionMgr:805 - Attr not supported : Dmpu
2025-02-26 12:42:05,913 [ERROR] ConditionMgr:805 - Attr not supported : Dmpu
2025-02-26 12:42:05,913 [ERROR] ConditionMgr:805 - Attr not supported : Dmpu
2025-02-26 12:42:05,913 [ERROR] ConditionMgr:805 - Attr not supported : Dmpu
2025-02-26 12:42:05,913 [ERROR] ConditionMgr:805 - Attr not supported : Dmpu
2025-02-26 12:42:05,913 [ERROR] ConditionMgr:805 - Attr not supported : Dmpu
2025-02-26 12:42:05,913 [ERROR] ConditionMgr:805 - Attr not supported : Dmpu
2025-02-26 12:42:05,913 [ERROR] ConditionMgr:805 - Attr not supported : Dmpu
2025-02-26 12:42:05,913 [ERROR] ConditionMgr:805 - Attr not supported : Dmpu
2025-02-26 12:42:05,913 [ERROR] ConditionMgr:805 - Attr not supported : Dmpu
2025-02-26 12:42:05,913 [ERROR] ConditionMgr:805 - Attr not supported : Dmpu
2025-02-26 12:42:05,913 [ERROR] ConditionMgr:805 - Attr not supported : Dmpu
2025-02-26 12:42:05,913 [ERROR] ConditionMgr:805 - Attr not supported : Dmpu
2025-02-26 12:42:05,913 [ERROR] ConditionMgr:805 - Attr not supported : Dmpu
2025-02-26 12:42:05,913 [ERROR] ConditionMgr:805 - Attr not supported : Dmpu
2025-02-26 12:42:05,913 [ERROR] ConditionMgr:805 - Attr not supported : Dmpu
2025-02-26 12:42:05,913 [ERROR] ConditionMgr:805 - Attr not supported : Dmpu
2025-02-26 12:42:05,913 [ERROR] ConditionMgr:805 - Attr not supported : Dmpu
2025-02-26 12:42:05,914 [ERROR] ConditionMgr:805 - Attr not supported : Dmpu
2025-02-26 12:42:05,914 [ERROR] ConditionMgr:805 - Attr not supported : Dmpu
2025-02-26 12:42:05,914 [ERROR] ConditionMgr:805 - Attr not supported : Dmpu
2025-02-26 12:42:05,914 [ERROR] ConditionMgr:805 - Attr not supported : Dmpu
2025-02-26 12:42:05,914 [ERROR] ConditionMgr:805 - Attr not supported : Dmpu
2025-02-26 12:42:05,914 [ERROR] ConditionMgr:805 - Attr not supported : Dmpu
2025-02-26 12:42:05,914 [ERROR] ConditionMgr:805 - Attr not supported : Dmpu
2025-02-26 12:42:05,914 [ERROR] ConditionMgr:805 - Attr not supported : Dmpu
2025-02-26 12:42:05,914 [ERROR] ConditionMgr:805 - Attr not supported : Dmpu
2025-02-26 12:42:05,914 [ERROR] ConditionMgr:805 - Attr not supported : Dmpu
2025-02-26 12:42:05,914 [ERROR] ConditionMgr:805 - Attr not supported : Dmpu
2025-02-26 12:42:05,914 [ERROR] ConditionMgr:805 - Attr not supported : Dmpu
2025-02-26 12:42:05,914 [ERROR] ConditionMgr:805 - Attr not supported : Dmpu
2025-02-26 12:42:05,914 [ERROR] ConditionMgr:805 - Attr not supported : Dmpu
2025-02-26 12:42:05,914 [ERROR] ConditionMgr:805 - Attr not supported : Dmpu
2025-02-26 12:42:05,914 [ERROR] ConditionMgr:805 - Attr not supported : Dmpu
2025-02-26 12:42:05,914 [ERROR] ConditionMgr:805 - Attr not supported : Dmpu
2025-02-26 12:42:05,914 [ERROR] ConditionMgr:805 - Attr not supported : Dmpu
2025-02-26 12:42:05,914 [ERROR] ConditionMgr:805 - Attr not supported : Dmpu
2025-02-26 12:42:05,914 [ERROR] ConditionMgr:805 - Attr not supported : Dmpu
2025-02-26 12:42:05,914 [ERROR] ConditionMgr:805 - Attr not supported : Dmpu
2025-02-26 12:42:05,915 [ERROR] ConditionMgr:805 - Attr not supported : Dmpu
2025-02-26 12:42:05,915 [ERROR] ConditionMgr:805 - Attr not supported : Dmpu
2025-02-26 12:42:05,915 [ERROR] ConditionMgr:805 - Attr not supported : Dmpu
2025-02-26 12:42:05,915 [ERROR] ConditionMgr:805 - Attr not supported : Dmpu
2025-02-26 12:42:05,917 [ERROR] Engine:466 - /home/sumit/.stm32cubemx/thirdparties/pdsc/STMicroelectronics.X-CUBE-TCPP.4.2.0.pdsc: PDSC version is not supported
2025-02-26 12:42:05,920 [WARN] PackLoader:240 - Cannot read IP mode file for RealThread.X-CUBE-RT-Thread_Nano.4.1.1
2025-02-26 12:42:05,923 [WARN] PackLoader:240 - Cannot read IP mode file for STMicroelectronics.FP-ATR-SIGFOX1.3.2.0
2025-02-26 12:42:05,925 [WARN] PackLoader:240 - Cannot read IP mode file for wolfSSL.I-CUBE-wolfSSL.5.7.2
2025-02-26 12:42:05,928 [WARN] PackLoader:240 - Cannot read IP mode file for STMicroelectronics.X-CUBE-EEPRMA1.5.1.0
2025-02-26 12:42:05,954 [WARN] PackLoader:240 - Cannot read IP mode file for SEGGER.I-CUBE-embOS.1.3.1
2025-02-26 12:42:05,986 [WARN] PackLoader:240 - Cannot read IP mode file for STMicroelectronics.X-CUBE-ALGOBUILD.1.4.0
2025-02-26 12:42:05,988 [WARN] PackLoader:240 - Cannot read IP mode file for STMicroelectronics.X-CUBE-AI.9.1.0
2025-02-26 12:42:05,996 [WARN] PackLoader:240 - Cannot read IP mode file for STMicroelectronics.X-CUBE-AZRTOS-F4.1.1.0
2025-02-26 12:42:06,001 [WARN] PackLoader:240 - Cannot read IP mode file for STMicroelectronics.X-CUBE-ISPU.2.1.0
2025-02-26 12:42:06,004 [WARN] PackLoader:240 - Cannot read IP mode file for STMicroelectronics.X-CUBE-FREERTOS.1.2.0
2025-02-26 12:42:06,013 [WARN] PackLoader:240 - Cannot read IP mode file for STMicroelectronics.X-CUBE-AZRTOS-L5.2.0.0
2025-02-26 12:42:06,019 [WARN] PackLoader:240 - Cannot read IP mode file for STMicroelectronics.X-CUBE-NFC6.3.1.0
2025-02-26 12:42:06,023 [WARN] PackLoader:240 - Cannot read IP mode file for STMicroelectronics.X-CUBE-DPower.1.2.0
2025-02-26 12:42:06,026 [WARN] PackLoader:240 - Cannot read IP mode file for STMicroelectronics.X-CUBE-AI.9.0.0
2025-02-26 12:42:06,028 [WARN] PackLoader:240 - Cannot read IP mode file for STMicroelectronics.X-CUBE-FREERTOS.1.3.0
2025-02-26 12:42:06,031 [WARN] PackLoader:240 - Cannot read IP mode file for STMicroelectronics.X-CUBE-NFC7.1.0.1
2025-02-26 12:42:06,041 [WARN] ConditionMgr:438 - getConditionDescription Invalid condition id : LAN8742 Phy interface Condition cause : null
2025-02-26 12:42:06,041 [WARN] PackLoader:240 - Cannot read IP mode file for STMicroelectronics.X-CUBE-AZRTOS-L4.2.0.0
2025-02-26 12:42:06,042 [WARN] ConditionMgr:1039 - genDependencies : Invalid condition id : LAN8742 Phy interface Condition cause : null
2025-02-26 12:42:06,043 [WARN] ConditionMgr:1039 - genDependencies : Invalid condition id : LAN8742 Phy interface Condition cause : null
2025-02-26 12:42:06,043 [WARN] ConditionMgr:1039 - genDependencies : Invalid condition id : LAN8742 Phy interface Condition cause : null
2025-02-26 12:42:06,048 [WARN] PackLoader:240 - Cannot read IP mode file for STMicroelectronics.X-CUBE-SFXS2LP1.4.0.0
2025-02-26 12:42:06,067 [WARN] PackLoader:240 - Cannot read IP mode file for STMicroelectronics.X-CUBE-AZRTOS-H7.3.3.0
2025-02-26 12:42:06,078 [WARN] PackLoader:240 - Cannot read IP mode file for STMicroelectronics.X-CUBE-IPS.3.0.0
2025-02-26 12:42:06,106 [WARN] ConditionMgr:438 - getConditionDescription Invalid condition id : UX DEVICE CLASS RTOS Condition cause : null
2025-02-26 12:42:06,106 [WARN] ConditionMgr:438 - getConditionDescription Invalid condition id : UX DEVICE CLASS RTOS Condition cause : null
2025-02-26 12:42:06,112 [WARN] PackLoader:240 - Cannot read IP mode file for STMicroelectronics.X-CUBE-AZRTOS-WB.2.0.0
2025-02-26 12:42:06,116 [WARN] ConditionMgr:1039 - genDependencies : Invalid condition id : UX DEVICE CLASS RTOS Condition cause : null
2025-02-26 12:42:06,117 [WARN] ConditionMgr:1039 - genDependencies : Invalid condition id : UX DEVICE CLASS RTOS Condition cause : null
2025-02-26 12:42:06,120 [WARN] ConditionMgr:1039 - genDependencies : Invalid condition id : UX DEVICE CLASS RTOS Condition cause : null
2025-02-26 12:42:06,122 [WARN] ConditionMgr:1039 - genDependencies : Invalid condition id : UX DEVICE CLASS RTOS Condition cause : null
2025-02-26 12:42:06,123 [WARN] ConditionMgr:1039 - genDependencies : Invalid condition id : UX DEVICE CLASS RTOS Condition cause : null
2025-02-26 12:42:06,132 [WARN] PackLoader:240 - Cannot read IP mode file for STMicroelectronics.X-CUBE-GNSS1.7.0.0
2025-02-26 12:42:06,136 [WARN] PackLoader:240 - Cannot read IP mode file for STMicroelectronics.X-CUBE-GNSS1.7.0.1
2025-02-26 12:42:06,140 [WARN] PackLoader:240 - Cannot read IP mode file for STMicroelectronics.FP-SNS-STBOX1.2.0.0
2025-02-26 12:42:06,164 [WARN] PackLoader:240 - Cannot read IP mode file for STMicroelectronics.X-CUBE-SUBG2.5.0.0
2025-02-26 12:42:06,173 [WARN] PackLoader:240 - Cannot read IP mode file for Cesanta.I-CUBE-Mongoose.7.13.0
2025-02-26 12:42:06,187 [WARN] PackLoader:240 - Cannot read IP mode file for STMicroelectronics.X-CUBE-AZRTOS-G4.2.0.0
2025-02-26 12:42:06,195 [ERROR] Engine:466 - /home/sumit/.stm32cubemx/thirdparties/pdsc/STMicroelectronics.X-CUBE-IPS.3.1.0.pdsc: PDSC version is not supported
2025-02-26 12:42:06,199 [WARN] PackLoader:240 - Cannot read IP mode file for STMicroelectronics.X-CUBE-ALS.1.0.2
2025-02-26 12:42:06,204 [WARN] PackLoader:240 - Cannot read IP mode file for STMicroelectronics.X-CUBE-TOUCHGFX.4.24.0
2025-02-26 12:42:06,206 [WARN] PackLoader:240 - Cannot read IP mode file for STMicroelectronics.X-CUBE-TOUCHGFX.4.24.2
2025-02-26 12:42:06,208 [WARN] PackLoader:240 - Cannot read IP mode file for STMicroelectronics.X-CUBE-TOUCHGFX.4.24.1
2025-02-26 12:42:06,211 [WARN] PackLoader:240 - Cannot read IP mode file for wolfSSL.I-CUBE-wolfTPM.3.4.0
2025-02-26 12:42:06,213 [WARN] PackLoader:240 - Cannot read IP mode file for portGmbH.I-Cube-SoM-uGOAL.1.1.0
2025-02-26 12:42:06,224 [WARN] PackLoader:240 - Cannot read IP mode file for STMicroelectronics.X-CUBE-AZRTOS-H7RS.1.0.0
2025-02-26 12:42:06,228 [WARN] PackLoader:240 - Cannot read IP mode file for STMicroelectronics.FP-ATR-ASTRA1.2.0.0
2025-02-26 12:42:06,233 [WARN] PackLoader:240 - Cannot read IP mode file for STMicroelectronics.X-CUBE-TOF1.3.4.2
2025-02-26 12:42:06,250 [WARN] PackLoader:240 - Cannot read IP mode file for Infineon.AIROC-Wi-Fi-Bluetooth-STM32.1.6.1
2025-02-26 12:42:06,255 [WARN] PackLoader:240 - Cannot read IP mode file for wolfSSL.I-CUBE-wolfSSH.1.4.17
2025-02-26 12:42:06,255 [INFO] ThirdParty:978 - Integrity check success = true
2025-02-26 12:42:06,255 [INFO] IntegrityCheckThread:100 - exiting critical section [integrity check]
2025-02-26 12:42:06,255 [INFO] IntegrityCheckThread:103 - End integrity checks thread
2025-02-26 12:42:17,371 [ERROR] LogOutputStream:75 - [STDERR_REDIRECT] Feb 26, 2025 12:42:17 PM java.util.prefs.FileSystemPreferences checkLockFile0ErrorCode
2025-02-26 12:42:17,372 [ERROR] LogOutputStream:75 - [STDERR_REDIRECT] WARNING: Could not lock System prefs. Unix error code 2.
2025-02-26 12:42:17,372 [ERROR] LogOutputStream:75 - [STDERR_REDIRECT] 
2025-02-26 12:42:17,373 [ERROR] LogOutputStream:75 - [STDERR_REDIRECT] Feb 26, 2025 12:42:17 PM java.util.prefs.FileSystemPreferences syncWorld
2025-02-26 12:42:17,373 [ERROR] LogOutputStream:75 - [STDERR_REDIRECT] WARNING: Couldn't flush system prefs: java.util.prefs.BackingStoreException: Couldn't get file lock.
2025-02-26 12:42:17,373 [ERROR] LogOutputStream:75 - [STDERR_REDIRECT] 
2025-02-26 12:42:34,975 [ERROR] LogOutputStream:75 - [STDERR_REDIRECT] 
